c:\users\wael mohamed\desktop\carren\carren\debug\carren.addbook.resources
c:\users\wael mohamed\desktop\carren\carren\debug\carren.admin.resources
c:\users\wael mohamed\desktop\carren\carren\debug\carren.admin1.resources
c:\users\wael mohamed\desktop\carren\carren\debug\carren.adminf.resources
c:\users\wael mohamed\desktop\carren\carren\debug\carren.carf.resources
c:\users\wael mohamed\desktop\carren\carren\debug\carren.customerf.resources
c:\users\wael mohamed\desktop\carren\carren\debug\carren.estimationf.resources
c:\users\wael mohamed\desktop\carren\carren\debug\carren.feeedbackf.resources
c:\users\wael mohamed\desktop\carren\carren\debug\carren.myform.resources
c:\users\wael mohamed\desktop\carren\carren\debug\carren.readfeedback.resources
c:\users\wael mohamed\desktop\carren\carren\debug\carren.showbook.resources
c:\users\wael mohamed\desktop\carren\carren\debug\vc140.pdb
c:\users\wael mohamed\desktop\carren\carren\debug\user.obj
c:\users\wael mohamed\desktop\carren\carren\debug\showbook.obj
c:\users\wael mohamed\desktop\carren\carren\debug\readfeedback.obj
c:\users\wael mohamed\desktop\carren\carren\debug\myform.obj
c:\users\wael mohamed\desktop\carren\carren\debug\feeedbackf.obj
c:\users\wael mohamed\desktop\carren\carren\debug\estimationf.obj
c:\users\wael mohamed\desktop\carren\carren\debug\customerf.obj
c:\users\wael mohamed\desktop\carren\carren\debug\container.obj
c:\users\wael mohamed\desktop\carren\carren\debug\class_customer.obj
c:\users\wael mohamed\desktop\carren\carren\debug\class_car.obj
c:\users\wael mohamed\desktop\carren\carren\debug\class_booking.obj
c:\users\wael mohamed\desktop\carren\carren\debug\class_admin.obj
c:\users\wael mohamed\desktop\carren\carren\debug\carf.obj
c:\users\wael mohamed\desktop\carren\carren\debug\adminf.obj
c:\users\wael mohamed\desktop\carren\carren\debug\admin1.obj
c:\users\wael mohamed\desktop\carren\carren\debug\admin.obj
c:\users\wael mohamed\desktop\carren\carren\debug\addbook.obj
c:\users\wael mohamed\desktop\carren\carren\debug\.netframework,version=v4.5.2.assemblyattributes.obj
c:\users\wael mohamed\desktop\carren\carren\debug\.netframework,version=v4.5.2.assemblyattributes.asm
c:\users\wael mohamed\desktop\carren\debug\carren.exe
c:\users\wael mohamed\desktop\carren\debug\carren.pdb
c:\users\wael mohamed\desktop\carren\carren\debug\carren.vcxproj.generateresource.cache
c:\users\wael mohamed\desktop\carren\carren\debug\carren.vcxprojresolveassemblyreference.cache
c:\users\wael mohamed\desktop\carren\carren\debug\carren.tlog\carren.write.1u.tlog
c:\users\wael mohamed\desktop\carren\carren\debug\carren.tlog\cl.command.1.tlog
c:\users\wael mohamed\desktop\carren\carren\debug\carren.tlog\cl.read.1.tlog
c:\users\wael mohamed\desktop\carren\carren\debug\carren.tlog\cl.write.1.tlog
c:\users\wael mohamed\desktop\carren\carren\debug\carren.tlog\link.command.1.tlog
c:\users\wael mohamed\desktop\carren\carren\debug\carren.tlog\link.read.1.tlog
c:\users\wael mohamed\desktop\carren\carren\debug\carren.tlog\link.write.1.tlog
c:\users\wael mohamed\desktop\carren\carren\debug\carren.tlog\metagen.read.1.tlog
c:\users\wael mohamed\desktop\carren\carren\debug\carren.tlog\metagen.write.1.tlog
c:\users\wael mohamed\desktop\carren\carren\debug\carren.tlog\tzres.dll.bi
